CRITICAL - 2024-03-21 03:22:27 --> CodeIgniter\View\Exceptions\ViewException: Invalid file: "welcome_medssage.php"
in SYSTEMPATH\Exceptions\FrameworkException.php on line 39.
 1 SYSTEMPATH\View\View.php(216): CodeIgniter\Exceptions\FrameworkException::forInvalidFile('welcome_medssage.php')
 2 SYSTEMPATH\Common.php(1178): CodeIgniter\View\View->render('welcome_medssage', [], true)
 3 APPPATH\Controllers\Home.php(11): view('welcome_medssage')
 4 SYSTEMPATH\CodeIgniter.php(941): App\Controllers\Home->index()
 5 SYSTEMPATH\CodeIgniter.php(502): CodeIgniter\CodeIgniter->runController(Object(App\Controllers\Home))
 6 SYSTEMPATH\CodeIgniter.php(361): CodeIgniter\CodeIgniter->handleRequest(null, Object(Config\Cache), false)
 7 FCPATH\index.php(79): CodeIgniter\CodeIgniter->run()
 8 SYSTEMPATH\Commands\Server\rewrite.php(47): require_once('C:\\xampp\\htdocs\\bum4-apps\\public\\index.php')
CRITICAL - 2024-03-21 03:54:25 --> CodeIgniter\View\Exceptions\ViewException: Invalid file: "welcome_messagde.php"
in SYSTEMPATH\Exceptions\FrameworkException.php on line 39.
 1 SYSTEMPATH\View\View.php(216): CodeIgniter\Exceptions\FrameworkException::forInvalidFile('welcome_messagde.php')
 2 SYSTEMPATH\Common.php(1178): CodeIgniter\View\View->render('welcome_messagde', [], true)
 3 APPPATH\Controllers\Pages.php(10): view('welcome_messagde')
 4 SYSTEMPATH\CodeIgniter.php(941): App\Controllers\Pages->index()
 5 SYSTEMPATH\CodeIgniter.php(502): CodeIgniter\CodeIgniter->runController(Object(App\Controllers\Pages))
 6 SYSTEMPATH\CodeIgniter.php(361): CodeIgniter\CodeIgniter->handleRequest(null, Object(Config\Cache), false)
 7 FCPATH\index.php(79): CodeIgniter\CodeIgniter->run()
 8 SYSTEMPATH\Commands\Server\rewrite.php(47): require_once('C:\\xampp\\htdocs\\bum4-apps\\public\\index.php')
CRITICAL - 2024-03-21 04:13:51 --> ArgumentCountError: Too few arguments to function App\Controllers\Home::voucher(), 0 passed in C:\xampp\htdocs\bum4-apps\system\CodeIgniter.php on line 941 and exactly 1 expected
in APPPATH\Controllers\Home.php on line 14.
 1 SYSTEMPATH\CodeIgniter.php(941): App\Controllers\Home->voucher()
 2 SYSTEMPATH\CodeIgniter.php(502): CodeIgniter\CodeIgniter->runController(Object(App\Controllers\Home))
 3 SYSTEMPATH\CodeIgniter.php(361): CodeIgniter\CodeIgniter->handleRequest(null, Object(Config\Cache), false)
 4 FCPATH\index.php(79): CodeIgniter\CodeIgniter->run()
 5 SYSTEMPATH\Commands\Server\rewrite.php(47): require_once('C:\\xampp\\htdocs\\bum4-apps\\public\\index.php')
CRITICAL - 2024-03-21 04:14:14 --> ArgumentCountError: Too few arguments to function App\Controllers\Home::voucher(), 0 passed in C:\xampp\htdocs\bum4-apps\system\CodeIgniter.php on line 941 and exactly 1 expected
in APPPATH\Controllers\Home.php on line 14.
 1 SYSTEMPATH\CodeIgniter.php(941): App\Controllers\Home->voucher()
 2 SYSTEMPATH\CodeIgniter.php(502): CodeIgniter\CodeIgniter->runController(Object(App\Controllers\Home))
 3 SYSTEMPATH\CodeIgniter.php(361): CodeIgniter\CodeIgniter->handleRequest(null, Object(Config\Cache), false)
 4 FCPATH\index.php(79): CodeIgniter\CodeIgniter->run()
 5 SYSTEMPATH\Commands\Server\rewrite.php(47): require_once('C:\\xampp\\htdocs\\bum4-apps\\public\\index.php')
CRITICAL - 2024-03-21 04:16:53 --> ArgumentCountError: Too few arguments to function App\Controllers\Home::voucher(), 0 passed in C:\xampp\htdocs\bum4-apps\system\CodeIgniter.php on line 941 and exactly 1 expected
in APPPATH\Controllers\Home.php on line 14.
 1 SYSTEMPATH\CodeIgniter.php(941): App\Controllers\Home->voucher()
 2 SYSTEMPATH\CodeIgniter.php(502): CodeIgniter\CodeIgniter->runController(Object(App\Controllers\Home))
 3 SYSTEMPATH\CodeIgniter.php(361): CodeIgniter\CodeIgniter->handleRequest(null, Object(Config\Cache), false)
 4 FCPATH\index.php(79): CodeIgniter\CodeIgniter->run()
 5 SYSTEMPATH\Commands\Server\rewrite.php(47): require_once('C:\\xampp\\htdocs\\bum4-apps\\public\\index.php')
CRITICAL - 2024-03-21 04:18:32 --> ArgumentCountError: Too few arguments to function App\Controllers\Home::voucher(), 0 passed in C:\xampp\htdocs\bum4-apps\system\CodeIgniter.php on line 941 and exactly 1 expected
in APPPATH\Controllers\Home.php on line 14.
 1 SYSTEMPATH\CodeIgniter.php(941): App\Controllers\Home->voucher()
 2 SYSTEMPATH\CodeIgniter.php(502): CodeIgniter\CodeIgniter->runController(Object(App\Controllers\Home))
 3 SYSTEMPATH\CodeIgniter.php(361): CodeIgniter\CodeIgniter->handleRequest(null, Object(Config\Cache), false)
 4 FCPATH\index.php(79): CodeIgniter\CodeIgniter->run()
 5 SYSTEMPATH\Commands\Server\rewrite.php(47): require_once('C:\\xampp\\htdocs\\bum4-apps\\public\\index.php')
CRITICAL - 2024-03-21 04:19:01 --> ArgumentCountError: Too few arguments to function App\Controllers\Home::voucher(), 0 passed in C:\xampp\htdocs\bum4-apps\system\CodeIgniter.php on line 941 and exactly 1 expected
in APPPATH\Controllers\Home.php on line 14.
 1 SYSTEMPATH\CodeIgniter.php(941): App\Controllers\Home->voucher()
 2 SYSTEMPATH\CodeIgniter.php(502): CodeIgniter\CodeIgniter->runController(Object(App\Controllers\Home))
 3 SYSTEMPATH\CodeIgniter.php(361): CodeIgniter\CodeIgniter->handleRequest(null, Object(Config\Cache), false)
 4 FCPATH\index.php(79): CodeIgniter\CodeIgniter->run()
 5 SYSTEMPATH\Commands\Server\rewrite.php(47): require_once('C:\\xampp\\htdocs\\bum4-apps\\public\\index.php')
CRITICAL - 2024-03-21 04:22:21 --> ArgumentCountError: Too few arguments to function App\Controllers\Home::voucher(), 0 passed in C:\xampp\htdocs\bum4-apps\system\CodeIgniter.php on line 941 and exactly 1 expected
in APPPATH\Controllers\Home.php on line 14.
 1 SYSTEMPATH\CodeIgniter.php(941): App\Controllers\Home->voucher()
 2 SYSTEMPATH\CodeIgniter.php(502): CodeIgniter\CodeIgniter->runController(Object(App\Controllers\Home))
 3 SYSTEMPATH\CodeIgniter.php(361): CodeIgniter\CodeIgniter->handleRequest(null, Object(Config\Cache), false)
 4 FCPATH\index.php(79): CodeIgniter\CodeIgniter->run()
 5 SYSTEMPATH\Commands\Server\rewrite.php(47): require_once('C:\\xampp\\htdocs\\bum4-apps\\public\\index.php')
CRITICAL - 2024-03-21 04:23:08 --> ArgumentCountError: Too few arguments to function App\Controllers\Home::voucher(), 0 passed in C:\xampp\htdocs\bum4-apps\system\CodeIgniter.php on line 941 and exactly 1 expected
in APPPATH\Controllers\Home.php on line 14.
 1 SYSTEMPATH\CodeIgniter.php(941): App\Controllers\Home->voucher()
 2 SYSTEMPATH\CodeIgniter.php(502): CodeIgniter\CodeIgniter->runController(Object(App\Controllers\Home))
 3 SYSTEMPATH\CodeIgniter.php(361): CodeIgniter\CodeIgniter->handleRequest(null, Object(Config\Cache), false)
 4 FCPATH\index.php(79): CodeIgniter\CodeIgniter->run()
 5 SYSTEMPATH\Commands\Server\rewrite.php(47): require_once('C:\\xampp\\htdocs\\bum4-apps\\public\\index.php')
CRITICAL - 2024-03-21 04:23:10 --> ArgumentCountError: Too few arguments to function App\Controllers\Home::voucher(), 0 passed in C:\xampp\htdocs\bum4-apps\system\CodeIgniter.php on line 941 and exactly 1 expected
in APPPATH\Controllers\Home.php on line 14.
 1 SYSTEMPATH\CodeIgniter.php(941): App\Controllers\Home->voucher()
 2 SYSTEMPATH\CodeIgniter.php(502): CodeIgniter\CodeIgniter->runController(Object(App\Controllers\Home))
 3 SYSTEMPATH\CodeIgniter.php(361): CodeIgniter\CodeIgniter->handleRequest(null, Object(Config\Cache), false)
 4 FCPATH\index.php(79): CodeIgniter\CodeIgniter->run()
 5 SYSTEMPATH\Commands\Server\rewrite.php(47): require_once('C:\\xampp\\htdocs\\bum4-apps\\public\\index.php')
CRITICAL - 2024-03-21 04:24:17 --> Error: Undefined constant "App\Controllers\tes"
in APPPATH\Controllers\Home.php on line 16.
 1 SYSTEMPATH\CodeIgniter.php(941): App\Controllers\Home->voucher(1)
 2 SYSTEMPATH\CodeIgniter.php(502): CodeIgniter\CodeIgniter->runController(Object(App\Controllers\Home))
 3 SYSTEMPATH\CodeIgniter.php(361): CodeIgniter\CodeIgniter->handleRequest(null, Object(Config\Cache), false)
 4 FCPATH\index.php(79): CodeIgniter\CodeIgniter->run()
 5 SYSTEMPATH\Commands\Server\rewrite.php(47): require_once('C:\\xampp\\htdocs\\bum4-apps\\public\\index.php')
CRITICAL - 2024-03-21 04:25:21 --> Error: Undefined constant "App\Controllers\tes"
in APPPATH\Controllers\Home.php on line 16.
 1 SYSTEMPATH\CodeIgniter.php(941): App\Controllers\Home->voucher(1)
 2 SYSTEMPATH\CodeIgniter.php(502): CodeIgniter\CodeIgniter->runController(Object(App\Controllers\Home))
 3 SYSTEMPATH\CodeIgniter.php(361): CodeIgniter\CodeIgniter->handleRequest(null, Object(Config\Cache), false)
 4 FCPATH\index.php(79): CodeIgniter\CodeIgniter->run()
 5 SYSTEMPATH\Commands\Server\rewrite.php(47): require_once('C:\\xampp\\htdocs\\bum4-apps\\public\\index.php')
CRITICAL - 2024-03-21 04:25:48 --> ArgumentCountError: Too few arguments to function App\Controllers\Home::voucher(), 0 passed in C:\xampp\htdocs\bum4-apps\system\CodeIgniter.php on line 941 and exactly 1 expected
in APPPATH\Controllers\Home.php on line 14.
 1 SYSTEMPATH\CodeIgniter.php(941): App\Controllers\Home->voucher()
 2 SYSTEMPATH\CodeIgniter.php(502): CodeIgniter\CodeIgniter->runController(Object(App\Controllers\Home))
 3 SYSTEMPATH\CodeIgniter.php(361): CodeIgniter\CodeIgniter->handleRequest(null, Object(Config\Cache), false)
 4 FCPATH\index.php(79): CodeIgniter\CodeIgniter->run()
 5 SYSTEMPATH\Commands\Server\rewrite.php(47): require_once('C:\\xampp\\htdocs\\bum4-apps\\public\\index.php')
CRITICAL - 2024-03-21 04:25:50 --> ArgumentCountError: Too few arguments to function App\Controllers\Home::voucher(), 0 passed in C:\xampp\htdocs\bum4-apps\system\CodeIgniter.php on line 941 and exactly 1 expected
in APPPATH\Controllers\Home.php on line 14.
 1 SYSTEMPATH\CodeIgniter.php(941): App\Controllers\Home->voucher()
 2 SYSTEMPATH\CodeIgniter.php(502): CodeIgniter\CodeIgniter->runController(Object(App\Controllers\Home))
 3 SYSTEMPATH\CodeIgniter.php(361): CodeIgniter\CodeIgniter->handleRequest(null, Object(Config\Cache), false)
 4 FCPATH\index.php(79): CodeIgniter\CodeIgniter->run()
 5 SYSTEMPATH\Commands\Server\rewrite.php(47): require_once('C:\\xampp\\htdocs\\bum4-apps\\public\\index.php')
CRITICAL - 2024-03-21 04:26:50 --> ArgumentCountError: Too few arguments to function App\Controllers\Home::voucherLookup(), 0 passed in C:\xampp\htdocs\bum4-apps\system\CodeIgniter.php on line 941 and exactly 1 expected
in APPPATH\Controllers\Home.php on line 20.
 1 SYSTEMPATH\CodeIgniter.php(941): App\Controllers\Home->voucherLookup()
 2 SYSTEMPATH\CodeIgniter.php(502): CodeIgniter\CodeIgniter->runController(Object(App\Controllers\Home))
 3 SYSTEMPATH\CodeIgniter.php(361): CodeIgniter\CodeIgniter->handleRequest(null, Object(Config\Cache), false)
 4 FCPATH\index.php(79): CodeIgniter\CodeIgniter->run()
 5 SYSTEMPATH\Commands\Server\rewrite.php(47): require_once('C:\\xampp\\htdocs\\bum4-apps\\public\\index.php')
CRITICAL - 2024-03-21 04:28:47 --> ArgumentCountError: Too few arguments to function App\Controllers\Home::voucherLookup(), 0 passed in C:\xampp\htdocs\bum4-apps\system\CodeIgniter.php on line 941 and exactly 1 expected
in APPPATH\Controllers\Home.php on line 20.
 1 SYSTEMPATH\CodeIgniter.php(941): App\Controllers\Home->voucherLookup()
 2 SYSTEMPATH\CodeIgniter.php(502): CodeIgniter\CodeIgniter->runController(Object(App\Controllers\Home))
 3 SYSTEMPATH\CodeIgniter.php(361): CodeIgniter\CodeIgniter->handleRequest(null, Object(Config\Cache), false)
 4 FCPATH\index.php(79): CodeIgniter\CodeIgniter->run()
 5 SYSTEMPATH\Commands\Server\rewrite.php(47): require_once('C:\\xampp\\htdocs\\bum4-apps\\public\\index.php')
CRITICAL - 2024-03-21 04:28:48 --> ArgumentCountError: Too few arguments to function App\Controllers\Home::voucherLookup(), 0 passed in C:\xampp\htdocs\bum4-apps\system\CodeIgniter.php on line 941 and exactly 1 expected
in APPPATH\Controllers\Home.php on line 20.
 1 SYSTEMPATH\CodeIgniter.php(941): App\Controllers\Home->voucherLookup()
 2 SYSTEMPATH\CodeIgniter.php(502): CodeIgniter\CodeIgniter->runController(Object(App\Controllers\Home))
 3 SYSTEMPATH\CodeIgniter.php(361): CodeIgniter\CodeIgniter->handleRequest(null, Object(Config\Cache), false)
 4 FCPATH\index.php(79): CodeIgniter\CodeIgniter->run()
 5 SYSTEMPATH\Commands\Server\rewrite.php(47): require_once('C:\\xampp\\htdocs\\bum4-apps\\public\\index.php')
CRITICAL - 2024-03-21 04:28:50 --> ArgumentCountError: Too few arguments to function App\Controllers\Home::voucherLookup(), 0 passed in C:\xampp\htdocs\bum4-apps\system\CodeIgniter.php on line 941 and exactly 1 expected
in APPPATH\Controllers\Home.php on line 20.
 1 SYSTEMPATH\CodeIgniter.php(941): App\Controllers\Home->voucherLookup()
 2 SYSTEMPATH\CodeIgniter.php(502): CodeIgniter\CodeIgniter->runController(Object(App\Controllers\Home))
 3 SYSTEMPATH\CodeIgniter.php(361): CodeIgniter\CodeIgniter->handleRequest(null, Object(Config\Cache), false)
 4 FCPATH\index.php(79): CodeIgniter\CodeIgniter->run()
 5 SYSTEMPATH\Commands\Server\rewrite.php(47): require_once('C:\\xampp\\htdocs\\bum4-apps\\public\\index.php')
CRITICAL - 2024-03-21 04:32:00 --> ArgumentCountError: Too few arguments to function App\Controllers\Home::voucher(), 0 passed in C:\xampp\htdocs\bum4-apps\system\CodeIgniter.php on line 941 and exactly 1 expected
in APPPATH\Controllers\Home.php on line 14.
 1 SYSTEMPATH\CodeIgniter.php(941): App\Controllers\Home->voucher()
 2 SYSTEMPATH\CodeIgniter.php(502): CodeIgniter\CodeIgniter->runController(Object(App\Controllers\Home))
 3 SYSTEMPATH\CodeIgniter.php(361): CodeIgniter\CodeIgniter->handleRequest(null, Object(Config\Cache), false)
 4 FCPATH\index.php(79): CodeIgniter\CodeIgniter->run()
 5 SYSTEMPATH\Commands\Server\rewrite.php(47): require_once('C:\\xampp\\htdocs\\bum4-apps\\public\\index.php')
CRITICAL - 2024-03-21 04:32:13 --> ArgumentCountError: Too few arguments to function App\Controllers\Home::voucher(), 0 passed in C:\xampp\htdocs\bum4-apps\system\CodeIgniter.php on line 941 and exactly 1 expected
in APPPATH\Controllers\Home.php on line 14.
 1 SYSTEMPATH\CodeIgniter.php(941): App\Controllers\Home->voucher()
 2 SYSTEMPATH\CodeIgniter.php(502): CodeIgniter\CodeIgniter->runController(Object(App\Controllers\Home))
 3 SYSTEMPATH\CodeIgniter.php(361): CodeIgniter\CodeIgniter->handleRequest(null, Object(Config\Cache), false)
 4 FCPATH\index.php(79): CodeIgniter\CodeIgniter->run()
 5 SYSTEMPATH\Commands\Server\rewrite.php(47): require_once('C:\\xampp\\htdocs\\bum4-apps\\public\\index.php')
CRITICAL - 2024-03-21 04:42:50 --> ErrorException: Undefined variable $id
in APPPATH\Views\voucher.php on line 3.
 1 APPPATH\Views\voucher.php(3): CodeIgniter\Debug\Exceptions->errorHandler(2, 'Undefined variable $id', 'C:\\xampp\\htdocs\\bum4-apps\\app\\Views\\voucher.php', 3)
 2 SYSTEMPATH\View\View.php(228): include('C:\\xampp\\htdocs\\bum4-apps\\app\\Views\\voucher.php')
 3 SYSTEMPATH\View\View.php(231): CodeIgniter\View\View->CodeIgniter\View\{closure}()
 4 SYSTEMPATH\Common.php(1178): CodeIgniter\View\View->render('voucher', [], true)
 5 APPPATH\Controllers\Home.php(23): view('voucher')
 6 SYSTEMPATH\CodeIgniter.php(941): App\Controllers\Home->voucherLookup('2')
 7 SYSTEMPATH\CodeIgniter.php(502): CodeIgniter\CodeIgniter->runController(Object(App\Controllers\Home))
 8 SYSTEMPATH\CodeIgniter.php(361): CodeIgniter\CodeIgniter->handleRequest(null, Object(Config\Cache), false)
 9 FCPATH\index.php(79): CodeIgniter\CodeIgniter->run()
10 SYSTEMPATH\Commands\Server\rewrite.php(47): require_once('C:\\xampp\\htdocs\\bum4-apps\\public\\index.php')
CRITICAL - 2024-03-21 04:43:00 --> ErrorException: Undefined variable $id
in APPPATH\Views\voucher.php on line 3.
 1 APPPATH\Views\voucher.php(3): CodeIgniter\Debug\Exceptions->errorHandler(2, 'Undefined variable $id', 'C:\\xampp\\htdocs\\bum4-apps\\app\\Views\\voucher.php', 3)
 2 SYSTEMPATH\View\View.php(228): include('C:\\xampp\\htdocs\\bum4-apps\\app\\Views\\voucher.php')
 3 SYSTEMPATH\View\View.php(231): CodeIgniter\View\View->CodeIgniter\View\{closure}()
 4 SYSTEMPATH\Common.php(1178): CodeIgniter\View\View->render('voucher', [], true)
 5 APPPATH\Controllers\Home.php(23): view('voucher')
 6 SYSTEMPATH\CodeIgniter.php(941): App\Controllers\Home->voucherLookup('tess')
 7 SYSTEMPATH\CodeIgniter.php(502): CodeIgniter\CodeIgniter->runController(Object(App\Controllers\Home))
 8 SYSTEMPATH\CodeIgniter.php(361): CodeIgniter\CodeIgniter->handleRequest(null, Object(Config\Cache), false)
 9 FCPATH\index.php(79): CodeIgniter\CodeIgniter->run()
10 SYSTEMPATH\Commands\Server\rewrite.php(47): require_once('C:\\xampp\\htdocs\\bum4-apps\\public\\index.php')
CRITICAL - 2024-03-21 04:43:02 --> ErrorException: Undefined variable $id
in APPPATH\Views\voucher.php on line 3.
 1 APPPATH\Views\voucher.php(3): CodeIgniter\Debug\Exceptions->errorHandler(2, 'Undefined variable $id', 'C:\\xampp\\htdocs\\bum4-apps\\app\\Views\\voucher.php', 3)
 2 SYSTEMPATH\View\View.php(228): include('C:\\xampp\\htdocs\\bum4-apps\\app\\Views\\voucher.php')
 3 SYSTEMPATH\View\View.php(231): CodeIgniter\View\View->CodeIgniter\View\{closure}()
 4 SYSTEMPATH\Common.php(1178): CodeIgniter\View\View->render('voucher', [], true)
 5 APPPATH\Controllers\Voucher.php(11): view('voucher')
 6 SYSTEMPATH\CodeIgniter.php(941): App\Controllers\Voucher->index()
 7 SYSTEMPATH\CodeIgniter.php(502): CodeIgniter\CodeIgniter->runController(Object(App\Controllers\Voucher))
 8 SYSTEMPATH\CodeIgniter.php(361): CodeIgniter\CodeIgniter->handleRequest(null, Object(Config\Cache), false)
 9 FCPATH\index.php(79): CodeIgniter\CodeIgniter->run()
10 SYSTEMPATH\Commands\Server\rewrite.php(47): require_once('C:\\xampp\\htdocs\\bum4-apps\\public\\index.php')
CRITICAL - 2024-03-21 04:43:03 --> ErrorException: Undefined variable $id
in APPPATH\Views\voucher.php on line 3.
 1 APPPATH\Views\voucher.php(3): CodeIgniter\Debug\Exceptions->errorHandler(2, 'Undefined variable $id', 'C:\\xampp\\htdocs\\bum4-apps\\app\\Views\\voucher.php', 3)
 2 SYSTEMPATH\View\View.php(228): include('C:\\xampp\\htdocs\\bum4-apps\\app\\Views\\voucher.php')
 3 SYSTEMPATH\View\View.php(231): CodeIgniter\View\View->CodeIgniter\View\{closure}()
 4 SYSTEMPATH\Common.php(1178): CodeIgniter\View\View->render('voucher', [], true)
 5 APPPATH\Controllers\Voucher.php(11): view('voucher')
 6 SYSTEMPATH\CodeIgniter.php(941): App\Controllers\Voucher->index()
 7 SYSTEMPATH\CodeIgniter.php(502): CodeIgniter\CodeIgniter->runController(Object(App\Controllers\Voucher))
 8 SYSTEMPATH\CodeIgniter.php(361): CodeIgniter\CodeIgniter->handleRequest(null, Object(Config\Cache), false)
 9 FCPATH\index.php(79): CodeIgniter\CodeIgniter->run()
10 SYSTEMPATH\Commands\Server\rewrite.php(47): require_once('C:\\xampp\\htdocs\\bum4-apps\\public\\index.php')
CRITICAL - 2024-03-21 04:43:05 --> ErrorException: Undefined variable $id
in APPPATH\Views\voucher.php on line 3.
 1 APPPATH\Views\voucher.php(3): CodeIgniter\Debug\Exceptions->errorHandler(2, 'Undefined variable $id', 'C:\\xampp\\htdocs\\bum4-apps\\app\\Views\\voucher.php', 3)
 2 SYSTEMPATH\View\View.php(228): include('C:\\xampp\\htdocs\\bum4-apps\\app\\Views\\voucher.php')
 3 SYSTEMPATH\View\View.php(231): CodeIgniter\View\View->CodeIgniter\View\{closure}()
 4 SYSTEMPATH\Common.php(1178): CodeIgniter\View\View->render('voucher', [], true)
 5 APPPATH\Controllers\Voucher.php(11): view('voucher')
 6 SYSTEMPATH\CodeIgniter.php(941): App\Controllers\Voucher->index()
 7 SYSTEMPATH\CodeIgniter.php(502): CodeIgniter\CodeIgniter->runController(Object(App\Controllers\Voucher))
 8 SYSTEMPATH\CodeIgniter.php(361): CodeIgniter\CodeIgniter->handleRequest(null, Object(Config\Cache), false)
 9 FCPATH\index.php(79): CodeIgniter\CodeIgniter->run()
10 SYSTEMPATH\Commands\Server\rewrite.php(47): require_once('C:\\xampp\\htdocs\\bum4-apps\\public\\index.php')
CRITICAL - 2024-03-21 07:49:27 --> CodeIgniter\View\Exceptions\ViewException: Invalid file: "voucher.php"
in SYSTEMPATH\Exceptions\FrameworkException.php on line 39.
 1 SYSTEMPATH\View\View.php(216): CodeIgniter\Exceptions\FrameworkException::forInvalidFile('voucher.php')
 2 SYSTEMPATH\Common.php(1178): CodeIgniter\View\View->render('voucher', [], true)
 3 APPPATH\Controllers\Home.php(23): view('voucher')
 4 SYSTEMPATH\CodeIgniter.php(941): App\Controllers\Home->voucherLookup('new', 'CRD')
 5 SYSTEMPATH\CodeIgniter.php(502): CodeIgniter\CodeIgniter->runController(Object(App\Controllers\Home))
 6 SYSTEMPATH\CodeIgniter.php(361): CodeIgniter\CodeIgniter->handleRequest(null, Object(Config\Cache), false)
 7 FCPATH\index.php(79): CodeIgniter\CodeIgniter->run()
 8 SYSTEMPATH\Commands\Server\rewrite.php(47): require_once('C:\\xampp\\htdocs\\bum4-apps\\public\\index.php')
CRITICAL - 2024-03-21 08:14:20 --> Error: Cannot call constructor
in APPPATH\Controllers\Voucher.php on line 8.
 1 SYSTEMPATH\CodeIgniter.php(913): App\Controllers\Voucher->__construct()
 2 SYSTEMPATH\CodeIgniter.php(493): CodeIgniter\CodeIgniter->createController()
 3 SYSTEMPATH\CodeIgniter.php(361): CodeIgniter\CodeIgniter->handleRequest(null, Object(Config\Cache), false)
 4 FCPATH\index.php(79): CodeIgniter\CodeIgniter->run()
 5 SYSTEMPATH\Commands\Server\rewrite.php(47): require_once('C:\\xampp\\htdocs\\bum4-apps\\public\\index.php')
CRITICAL - 2024-03-21 08:20:03 --> Error: Cannot call constructor
in APPPATH\Controllers\Voucher.php on line 8.
 1 SYSTEMPATH\CodeIgniter.php(913): App\Controllers\Voucher->__construct()
 2 SYSTEMPATH\CodeIgniter.php(493): CodeIgniter\CodeIgniter->createController()
 3 SYSTEMPATH\CodeIgniter.php(361): CodeIgniter\CodeIgniter->handleRequest(null, Object(Config\Cache), false)
 4 FCPATH\index.php(79): CodeIgniter\CodeIgniter->run()
 5 SYSTEMPATH\Commands\Server\rewrite.php(47): require_once('C:\\xampp\\htdocs\\bum4-apps\\public\\index.php')
CRITICAL - 2024-03-21 08:20:30 --> Error: Cannot call constructor
in APPPATH\Controllers\Voucher.php on line 8.
 1 SYSTEMPATH\CodeIgniter.php(913): App\Controllers\Voucher->__construct()
 2 SYSTEMPATH\CodeIgniter.php(493): CodeIgniter\CodeIgniter->createController()
 3 SYSTEMPATH\CodeIgniter.php(361): CodeIgniter\CodeIgniter->handleRequest(null, Object(Config\Cache), false)
 4 FCPATH\index.php(79): CodeIgniter\CodeIgniter->run()
 5 SYSTEMPATH\Commands\Server\rewrite.php(47): require_once('C:\\xampp\\htdocs\\bum4-apps\\public\\index.php')
CRITICAL - 2024-03-21 08:21:02 --> Error: Cannot call constructor
in APPPATH\Controllers\Voucher.php on line 8.
 1 SYSTEMPATH\CodeIgniter.php(913): App\Controllers\Voucher->__construct()
 2 SYSTEMPATH\CodeIgniter.php(493): CodeIgniter\CodeIgniter->createController()
 3 SYSTEMPATH\CodeIgniter.php(361): CodeIgniter\CodeIgniter->handleRequest(null, Object(Config\Cache), false)
 4 FCPATH\index.php(79): CodeIgniter\CodeIgniter->run()
 5 SYSTEMPATH\Commands\Server\rewrite.php(47): require_once('C:\\xampp\\htdocs\\bum4-apps\\public\\index.php')
CRITICAL - 2024-03-21 08:21:15 --> Error: Cannot call constructor
in APPPATH\Controllers\Voucher.php on line 8.
 1 SYSTEMPATH\CodeIgniter.php(913): App\Controllers\Voucher->__construct()
 2 SYSTEMPATH\CodeIgniter.php(493): CodeIgniter\CodeIgniter->createController()
 3 SYSTEMPATH\CodeIgniter.php(361): CodeIgniter\CodeIgniter->handleRequest(null, Object(Config\Cache), false)
 4 FCPATH\index.php(79): CodeIgniter\CodeIgniter->run()
 5 SYSTEMPATH\Commands\Server\rewrite.php(47): require_once('C:\\xampp\\htdocs\\bum4-apps\\public\\index.php')
CRITICAL - 2024-03-21 08:21:21 --> Error: Cannot call constructor
in APPPATH\Controllers\Voucher.php on line 8.
 1 SYSTEMPATH\CodeIgniter.php(913): App\Controllers\Voucher->__construct()
 2 SYSTEMPATH\CodeIgniter.php(493): CodeIgniter\CodeIgniter->createController()
 3 SYSTEMPATH\CodeIgniter.php(361): CodeIgniter\CodeIgniter->handleRequest(null, Object(Config\Cache), false)
 4 FCPATH\index.php(79): CodeIgniter\CodeIgniter->run()
 5 SYSTEMPATH\Commands\Server\rewrite.php(47): require_once('C:\\xampp\\htdocs\\bum4-apps\\public\\index.php')
CRITICAL - 2024-03-21 08:21:32 --> Error: Cannot call constructor
in APPPATH\Controllers\Voucher.php on line 8.
 1 SYSTEMPATH\CodeIgniter.php(913): App\Controllers\Voucher->__construct()
 2 SYSTEMPATH\CodeIgniter.php(493): CodeIgniter\CodeIgniter->createController()
 3 SYSTEMPATH\CodeIgniter.php(361): CodeIgniter\CodeIgniter->handleRequest(null, Object(Config\Cache), false)
 4 FCPATH\index.php(79): CodeIgniter\CodeIgniter->run()
 5 SYSTEMPATH\Commands\Server\rewrite.php(47): require_once('C:\\xampp\\htdocs\\bum4-apps\\public\\index.php')
CRITICAL - 2024-03-21 08:21:47 --> CodeIgniter\View\Exceptions\ViewException: Invalid file: "voucher.php"
in SYSTEMPATH\Exceptions\FrameworkException.php on line 39.
 1 SYSTEMPATH\View\View.php(216): CodeIgniter\Exceptions\FrameworkException::forInvalidFile('voucher.php')
 2 SYSTEMPATH\Common.php(1178): CodeIgniter\View\View->render('voucher', [], true)
 3 APPPATH\Controllers\Home.php(23): view('voucher')
 4 SYSTEMPATH\CodeIgniter.php(941): App\Controllers\Home->voucherLookup('new', 'CRD')
 5 SYSTEMPATH\CodeIgniter.php(502): CodeIgniter\CodeIgniter->runController(Object(App\Controllers\Home))
 6 SYSTEMPATH\CodeIgniter.php(361): CodeIgniter\CodeIgniter->handleRequest(null, Object(Config\Cache), false)
 7 FCPATH\index.php(79): CodeIgniter\CodeIgniter->run()
 8 SYSTEMPATH\Commands\Server\rewrite.php(47): require_once('C:\\xampp\\htdocs\\bum4-apps\\public\\index.php')
CRITICAL - 2024-03-21 08:22:15 --> ErrorException: Undefined variable $title
in APPPATH\Views\templates\header.php on line 4.
 1 APPPATH\Views\templates\header.php(4): CodeIgniter\Debug\Exceptions->errorHandler(2, 'Undefined variable $title', 'C:\\xampp\\htdocs\\bum4-apps\\app\\Views\\templates\\header.php', 4)
 2 SYSTEMPATH\View\View.php(228): include('C:\\xampp\\htdocs\\bum4-apps\\app\\Views\\templates\\header.php')
 3 SYSTEMPATH\View\View.php(231): CodeIgniter\View\View->CodeIgniter\View\{closure}()
 4 SYSTEMPATH\Common.php(1178): CodeIgniter\View\View->render('templates/header', [], true)
 5 APPPATH\Controllers\Voucher.php(36): view('templates/header', [...])
 6 SYSTEMPATH\CodeIgniter.php(941): App\Controllers\Voucher->voucherLookup('new', 'CRD')
 7 SYSTEMPATH\CodeIgniter.php(502): CodeIgniter\CodeIgniter->runController(Object(App\Controllers\Voucher))
 8 SYSTEMPATH\CodeIgniter.php(361): CodeIgniter\CodeIgniter->handleRequest(null, Object(Config\Cache), false)
 9 FCPATH\index.php(79): CodeIgniter\CodeIgniter->run()
10 SYSTEMPATH\Commands\Server\rewrite.php(47): require_once('C:\\xampp\\htdocs\\bum4-apps\\public\\index.php')
CRITICAL - 2024-03-21 08:22:22 --> ErrorException: Undefined property: App\Controllers\Voucher::$page
in APPPATH\Controllers\Voucher.php on line 25.
 1 APPPATH\Controllers\Voucher.php(25): CodeIgniter\Debug\Exceptions->errorHandler(2, 'Undefined property: App\\Controllers\\Voucher::$page', 'C:\\xampp\\htdocs\\bum4-apps\\app\\Controllers\\Voucher.php', 25)
 2 SYSTEMPATH\CodeIgniter.php(941): App\Controllers\Voucher->new('CRD')
 3 SYSTEMPATH\CodeIgniter.php(502): CodeIgniter\CodeIgniter->runController(Object(App\Controllers\Voucher))
 4 SYSTEMPATH\CodeIgniter.php(361): CodeIgniter\CodeIgniter->handleRequest(null, Object(Config\Cache), false)
 5 FCPATH\index.php(79): CodeIgniter\CodeIgniter->run()
 6 SYSTEMPATH\Commands\Server\rewrite.php(47): require_once('C:\\xampp\\htdocs\\bum4-apps\\public\\index.php')
CRITICAL - 2024-03-21 08:22:25 --> ErrorException: Undefined property: App\Controllers\Voucher::$page
in APPPATH\Controllers\Voucher.php on line 25.
 1 APPPATH\Controllers\Voucher.php(25): CodeIgniter\Debug\Exceptions->errorHandler(2, 'Undefined property: App\\Controllers\\Voucher::$page', 'C:\\xampp\\htdocs\\bum4-apps\\app\\Controllers\\Voucher.php', 25)
 2 SYSTEMPATH\CodeIgniter.php(941): App\Controllers\Voucher->new('CRD')
 3 SYSTEMPATH\CodeIgniter.php(502): CodeIgniter\CodeIgniter->runController(Object(App\Controllers\Voucher))
 4 SYSTEMPATH\CodeIgniter.php(361): CodeIgniter\CodeIgniter->handleRequest(null, Object(Config\Cache), false)
 5 FCPATH\index.php(79): CodeIgniter\CodeIgniter->run()
 6 SYSTEMPATH\Commands\Server\rewrite.php(47): require_once('C:\\xampp\\htdocs\\bum4-apps\\public\\index.php')
CRITICAL - 2024-03-21 08:22:56 --> CodeIgniter\View\Exceptions\ViewException: Invalid file: "pages/new_voucher.php"
in SYSTEMPATH\Exceptions\FrameworkException.php on line 39.
 1 SYSTEMPATH\View\View.php(216): CodeIgniter\Exceptions\FrameworkException::forInvalidFile('pages/new_voucher.php')
 2 SYSTEMPATH\Common.php(1178): CodeIgniter\View\View->render('pages/new_voucher', [], true)
 3 APPPATH\Controllers\Voucher.php(28): view('pages/new_voucher', [...])
 4 SYSTEMPATH\CodeIgniter.php(941): App\Controllers\Voucher->new('CRD')
 5 SYSTEMPATH\CodeIgniter.php(502): CodeIgniter\CodeIgniter->runController(Object(App\Controllers\Voucher))
 6 SYSTEMPATH\CodeIgniter.php(361): CodeIgniter\CodeIgniter->handleRequest(null, Object(Config\Cache), false)
 7 FCPATH\index.php(79): CodeIgniter\CodeIgniter->run()
 8 SYSTEMPATH\Commands\Server\rewrite.php(47): require_once('C:\\xampp\\htdocs\\bum4-apps\\public\\index.php')
CRITICAL - 2024-03-21 08:50:00 --> ParseError: syntax error, unexpected token "=", expecting "]"
in APPPATH\Controllers\Voucher.php on line 26.
 1 SYSTEMPATH\Autoloader\Autoloader.php(288): CodeIgniter\Autoloader\Autoloader->includeFile('C:\\xampp\\htdocs\\bum4-apps\\app\\Controllers\\Voucher.php')
 2 SYSTEMPATH\Autoloader\Autoloader.php(266): CodeIgniter\Autoloader\Autoloader->loadInNamespace('App\\Controllers\\Voucher')
 3 [internal function]: CodeIgniter\Autoloader\Autoloader->loadClass('App\\Controllers\\Voucher')
 4 SYSTEMPATH\CodeIgniter.php(899): class_exists('\\App\\Controllers\\Voucher', true)
 5 SYSTEMPATH\CodeIgniter.php(489): CodeIgniter\CodeIgniter->startController()
 6 SYSTEMPATH\CodeIgniter.php(361): CodeIgniter\CodeIgniter->handleRequest(null, Object(Config\Cache), false)
 7 FCPATH\index.php(79): CodeIgniter\CodeIgniter->run()
 8 SYSTEMPATH\Commands\Server\rewrite.php(47): require_once('C:\\xampp\\htdocs\\bum4-apps\\public\\index.php')
