CRITICAL - 2024-03-28 02:43:21 --> ErrorException: Undefined variable $title
in APPPATH\Views\templates\header.php on line 8.
 1 APPPATH\Views\templates\header.php(8): CodeIgniter\Debug\Exceptions->errorHandler(2, 'Undefined variable $title', 'C:\\xampp\\htdocs\\bum4-apps\\app\\Views\\templates\\header.php', 8)
 2 SYSTEMPATH\View\View.php(228): include('C:\\xampp\\htdocs\\bum4-apps\\app\\Views\\templates\\header.php')
 3 SYSTEMPATH\View\View.php(231): CodeIgniter\View\View->CodeIgniter\View\{closure}()
 4 SYSTEMPATH\Common.php(1178): CodeIgniter\View\View->render('templates/header', [], true)
 5 APPPATH\Controllers\Voucher.php(71): view('templates/header', [...])
 6 SYSTEMPATH\CodeIgniter.php(941): App\Controllers\Voucher->voucherLookup('getData')
 7 SYSTEMPATH\CodeIgniter.php(502): CodeIgniter\CodeIgniter->runController(Object(App\Controllers\Voucher))
 8 SYSTEMPATH\CodeIgniter.php(361): CodeIgniter\CodeIgniter->handleRequest(null, Object(Config\Cache), false)
 9 FCPATH\index.php(79): CodeIgniter\CodeIgniter->run()
10 SYSTEMPATH\Commands\Server\rewrite.php(47): require_once('C:\\xampp\\htdocs\\bum4-apps\\public\\index.php')
CRITICAL - 2024-03-28 02:43:25 --> ErrorException: Undefined variable $title
in APPPATH\Views\templates\header.php on line 8.
 1 APPPATH\Views\templates\header.php(8): CodeIgniter\Debug\Exceptions->errorHandler(2, 'Undefined variable $title', 'C:\\xampp\\htdocs\\bum4-apps\\app\\Views\\templates\\header.php', 8)
 2 SYSTEMPATH\View\View.php(228): include('C:\\xampp\\htdocs\\bum4-apps\\app\\Views\\templates\\header.php')
 3 SYSTEMPATH\View\View.php(231): CodeIgniter\View\View->CodeIgniter\View\{closure}()
 4 SYSTEMPATH\Common.php(1178): CodeIgniter\View\View->render('templates/header', [], true)
 5 APPPATH\Controllers\Voucher.php(71): view('templates/header', [...])
 6 SYSTEMPATH\CodeIgniter.php(941): App\Controllers\Voucher->voucherLookup('getData')
 7 SYSTEMPATH\CodeIgniter.php(502): CodeIgniter\CodeIgniter->runController(Object(App\Controllers\Voucher))
 8 SYSTEMPATH\CodeIgniter.php(361): CodeIgniter\CodeIgniter->handleRequest(null, Object(Config\Cache), false)
 9 FCPATH\index.php(79): CodeIgniter\CodeIgniter->run()
10 SYSTEMPATH\Commands\Server\rewrite.php(47): require_once('C:\\xampp\\htdocs\\bum4-apps\\public\\index.php')
CRITICAL - 2024-03-28 02:43:46 --> ErrorException: Undefined variable $title
in APPPATH\Views\templates\header.php on line 8.
 1 APPPATH\Views\templates\header.php(8): CodeIgniter\Debug\Exceptions->errorHandler(2, 'Undefined variable $title', 'C:\\xampp\\htdocs\\bum4-apps\\app\\Views\\templates\\header.php', 8)
 2 SYSTEMPATH\View\View.php(228): include('C:\\xampp\\htdocs\\bum4-apps\\app\\Views\\templates\\header.php')
 3 SYSTEMPATH\View\View.php(231): CodeIgniter\View\View->CodeIgniter\View\{closure}()
 4 SYSTEMPATH\Common.php(1178): CodeIgniter\View\View->render('templates/header', [], true)
 5 APPPATH\Controllers\Voucher.php(71): view('templates/header', [...])
 6 SYSTEMPATH\CodeIgniter.php(941): App\Controllers\Voucher->voucherLookup('getData')
 7 SYSTEMPATH\CodeIgniter.php(502): CodeIgniter\CodeIgniter->runController(Object(App\Controllers\Voucher))
 8 SYSTEMPATH\CodeIgniter.php(361): CodeIgniter\CodeIgniter->handleRequest(null, Object(Config\Cache), false)
 9 FCPATH\index.php(79): CodeIgniter\CodeIgniter->run()
10 SYSTEMPATH\Commands\Server\rewrite.php(47): require_once('C:\\xampp\\htdocs\\bum4-apps\\public\\index.php')
